<?xml version="1.0" encoding="UTF-8"?>
<!-- Generated by org.testng.reporters.JUnitXMLReporter -->
<testsuite ignored="2" hostname="DESKTOP-GEU29MO" failures="0" tests="3" name="Default test" time="0.15" errors="0" timestamp="2023-06-21T15:05:13 IST">
  <testcase classname="package2.NewTest" name="Test1" time="0.018"/>
  <testcase classname="package2.NewTest" name="Test2" time="0.006"/>
  <testcase classname="package2.NewTest" name="Test3" time="0.008"/>
  <testcase classname="package2.NewTest" name="Test4" time="0.0">
    <ignored/>
  </testcase> <!-- Test4 -->
  <testcase classname="package2.NewTest" name="Test5" time="0.0">
    <ignored/>
  </testcase> <!-- Test5 -->
</testsuite> <!-- Default test -->
