<?xml version="1.0" encoding="UTF-8"?>
<testng-results ignored="0" total="3" passed="3" failed="0" skipped="0">
  <reporter-output>
  </reporter-output>
  <suite started-at="2023-06-21T15:05:12 IST" name="Default suite" finished-at="2023-06-21T15:05:12 IST" duration-ms="150">
    <groups>
    </groups>
    <test started-at="2023-06-21T15:05:12 IST" name="Default test" finished-at="2023-06-21T15:05:12 IST" duration-ms="150">
      <class name="package2.NewTest">
        <test-method signature="Test1()[pri:0, instance:package2.NewTest@5677323c]" started-at="2023-06-21T15:05:12 IST" name="Test1" finished-at="2023-06-21T15:05:12 IST" duration-ms="18" status="PASS">
          <reporter-output>
          </reporter-output>
        </test-method> <!-- Test1 -->
        <test-method signature="Test2()[pri:0, instance:package2.NewTest@5677323c]" started-at="2023-06-21T15:05:12 IST" name="Test2" finished-at="2023-06-21T15:05:12 IST" duration-ms="6" status="PASS">
          <reporter-output>
          </reporter-output>
        </test-method> <!-- Test2 -->
        <test-method signature="Test3()[pri:0, instance:package2.NewTest@5677323c]" started-at="2023-06-21T15:05:12 IST" name="Test3" finished-at="2023-06-21T15:05:12 IST" duration-ms="8" status="PASS">
          <reporter-output>
          </reporter-output>
        </test-method> <!-- Test3 -->
      </class> <!-- package2.NewTest -->
    </test> <!-- Default test -->
  </suite> <!-- Default suite -->
</testng-results>
